<?xml version="1.0" encoding="UTF-8"?>
<!-- Generated by org.testng.reporters.JUnitReportReporter -->
<testsuite hostname="Rahuls-MacBook-Pro.local" failures="0" tests="3" name="com.SauceTests.CheckOutTest" time="15.595" errors="0" timestamp="2024-06-20T22:04:22 IST" skipped="0">
  <testcase classname="com.SauceTests.CheckOutTest" name="firstname" time="4.010"/>
  <testcase classname="com.SauceTests.CheckOutTest" name="lastname" time="5.739"/>
  <testcase classname="com.SauceTests.CheckOutTest" name="pincode" time="5.846"/>
</testsuite> <!-- com.SauceTests.CheckOutTest -->
