<?xml version="1.0" encoding="UTF-8"?>
<!-- Generated by org.testng.reporters.JUnitReportReporter -->
<testsuite hostname="Rahuls-MacBook-Pro.local" failures="0" tests="3" name="com.SauceTests.UserTest" time="6.847" errors="0" timestamp="2024-06-20T21:51:41 IST" skipped="0">
  <testcase classname="com.SauceTests.UserTest" name="visualuser" time="1.709"/>
  <testcase classname="com.SauceTests.UserTest" name="standardUser" time="3.442"/>
  <testcase classname="com.SauceTests.UserTest" name="problemuser" time="1.696"/>
</testsuite> <!-- com.SauceTests.UserTest -->
