<?xml version="1.0" encoding="UTF-8"?>
<!-- Generated by org.testng.reporters.JUnitReportReporter -->
<testsuite hostname="Rahuls-MacBook-Pro.local" failures="0" tests="3" name="com.SauceTests.UserAccTest" time="6.439" errors="0" timestamp="2024-06-20T22:04:22 IST" skipped="0">
  <testcase classname="com.SauceTests.UserAccTest" name="visualuser" time="1.745"/>
  <testcase classname="com.SauceTests.UserAccTest" name="standardUser" time="3.350"/>
  <testcase classname="com.SauceTests.UserAccTest" name="problemuser" time="1.344"/>
</testsuite> <!-- com.SauceTests.UserAccTest -->
