<?xml version="1.0" encoding="UTF-8"?>
<!-- Generated by org.testng.reporters.JUnitReportReporter -->
<testsuite hostname="Rahuls-MacBook-Pro.local" failures="0" tests="1" name="com.SauceTests.BuyProductsTest" time="4.105" errors="0" timestamp="2024-06-20T22:04:22 IST" skipped="0">
  <testcase classname="com.SauceTests.BuyProductsTest" name="buyProductsKart" time="4.105"/>
</testsuite> <!-- com.SauceTests.BuyProductsTest -->
