<?xml version="1.0" encoding="UTF-8"?>
<!-- Generated by org.testng.reporters.JUnitReportReporter -->
<testsuite hostname="Rahuls-MacBook-Pro.local" failures="0" tests="2" name="com.SauceTests.LoginSanityTest" time="31.574" errors="0" timestamp="2024-06-20T22:04:22 IST" skipped="0">
  <testcase classname="com.SauceTests.LoginSanityTest" name="addData" time="31.339"/>
  <testcase classname="com.SauceTests.LoginSanityTest" name="problemuser" time="0.235"/>
</testsuite> <!-- com.SauceTests.LoginSanityTest -->
