<?xml version="1.0" encoding="UTF-8"?>
<!-- Generated by org.testng.reporters.JUnitReportReporter -->
<testsuite hostname="Rahuls-MacBook-Pro.local" failures="0" tests="1" name="com.SauceTests.FilterTest" time="1.036" errors="0" timestamp="2024-06-20T22:04:22 IST" skipped="0">
  <testcase classname="com.SauceTests.FilterTest" name="ZtoAfilter" time="1.036"/>
</testsuite> <!-- com.SauceTests.FilterTest -->
